<?xml version="1.0" encoding="UTF-8"?>
<!-- Generated by org.testng.reporters.JUnitReportReporter -->
<testsuite hostname="LAPTOP-HH7IGSDH" failures="0" tests="1" name="com.WebScrapingProject.testCases.TC_001ApiTesting" time="1334.356" errors="0" timestamp="14 Mar 2022 18:08:31 GMT" skipped="0">
  <testcase classname="com.WebScrapingProject.testCases.TC_001ApiTesting" name="ScrapingApiTest" time="1334.356"/>
</testsuite> <!-- com.WebScrapingProject.testCases.TC_001ApiTesting -->
